Looking for git in: git
Using git 2.11.0 from git
> git rev-parse --show-toplevel
> git rev-parse --git-dir
> git config --get commit.template
Open repository: /home/kevin/laconia
> git status -z -u
> git symbolic-ref --short HEAD
> git rev-parse feature-dockercompose-integration
> git rev-parse --symbolic-full-name feature-dockercompose-integration@{u}
> git rev-list --left-right feature-dockercompose-integration...refs/remotes/origin/feature-dockercompose-integration
> git for-each-ref --format %(refname) %(objectname) --sort -committerdate
> git remote --verbose
> git check-ignore -v -z --stdin
> git show :.gitignore
> git status -z -u
> git symbolic-ref --short HEAD
> git rev-parse feature-dockercompose-integration
> git rev-parse --symbolic-full-name feature-dockercompose-integration@{u}
> git rev-list --left-right feature-dockercompose-integration...refs/remotes/origin/feature-dockercompose-integration
> git for-each-ref --format %(refname) %(objectname) --sort -committerdate
> git remote --verbose
> git check-ignore -v -z --stdin
> git check-ignore -v -z --stdin
> git check-ignore -v -z --stdin
> git check-ignore -v -z --stdin
> git check-ignore -v -z --stdin
> git check-ignore -v -z --stdin
> git show :src/controllers/IndexController.php
> git show :.gitignore
> git check-ignore -v -z --stdin
> git status -z -u
> git symbolic-ref --short HEAD
> git rev-parse feature-dockercompose-integration
> git rev-parse --symbolic-full-name feature-dockercompose-integration@{u}
> git rev-list --left-right feature-dockercompose-integration...refs/remotes/origin/feature-dockercompose-integration
> git for-each-ref --format %(refname) %(objectname) --sort -committerdate
> git remote --verbose
> git status -z -u
> git symbolic-ref --short HEAD
> git rev-parse feature-dockercompose-integration
> git rev-parse --symbolic-full-name feature-dockercompose-integration@{u}
> git rev-list --left-right feature-dockercompose-integration...refs/remotes/origin/feature-dockercompose-integration
> git for-each-ref --format %(refname) %(objectname) --sort -committerdate
> git remote --verbose
> git show :.gitignore
> git status -z -u
> git symbolic-ref --short HEAD
> git rev-parse feature-dockercompose-integration
> git rev-parse --symbolic-full-name feature-dockercompose-integration@{u}
> git rev-list --left-right feature-dockercompose-integration...refs/remotes/origin/feature-dockercompose-integration
> git for-each-ref --format %(refname) %(objectname) --sort -committerdate
> git remote --verbose
> git show :.gitignore
> git status -z -u
> git symbolic-ref --short HEAD
> git rev-parse feature-dockercompose-integration
> git rev-parse --symbolic-full-name feature-dockercompose-integration@{u}
> git rev-list --left-right feature-dockercompose-integration...refs/remotes/origin/feature-dockercompose-integration
> git for-each-ref --format %(refname) %(objectname) --sort -committerdate
> git remote --verbose
> git show :.gitignore
> git check-ignore -v -z --stdin
> git check-ignore -v -z --stdin
> git show :config/credentials_back.php
> git show :.gitignore
> git status -z -u
> git symbolic-ref --short HEAD
> git rev-parse feature-dockercompose-integration
> git rev-parse --symbolic-full-name feature-dockercompose-integration@{u}
> git rev-list --left-right feature-dockercompose-integration...refs/remotes/origin/feature-dockercompose-integration
> git for-each-ref --format %(refname) %(objectname) --sort -committerdate
> git remote --verbose
> git show :config/credentials.php
> git status -z -u
> git symbolic-ref --short HEAD
> git rev-parse feature-dockercompose-integration
> git rev-parse --symbolic-full-name feature-dockercompose-integration@{u}
> git rev-list --left-right feature-dockercompose-integration...refs/remotes/origin/feature-dockercompose-integration
> git for-each-ref --format %(refname) %(objectname) --sort -committerdate
> git remote --verbose
