DEBUG     Checking PHPLS_ALLOW_XDEBUG
DEBUG     The xdebug extension is not loaded

[Info  - 20:51:52] 104 files total
[Info  - 20:51:52] Indexing project for definitions and static references
Parsing file:///home/kevin/laconia/docker/credentials.php
Parsing file:///home/kevin/laconia/config/constants.php
Parsing file:///home/kevin/laconia/config/utility.php
Parsing file:///home/kevin/laconia/config/credentials.php
Parsing file:///home/kevin/laconia/config/credentials_back.php
Parsing file:///home/kevin/laconia/src/models/List.php
Parsing file:///home/kevin/laconia/src/models/Database.php
Parsing file:///home/kevin/laconia/src/models/User.php
Parsing file:///home/kevin/laconia/src/models/Comment.php
Parsing file:///home/kevin/laconia/src/models/Model.php
Parsing file:///home/kevin/laconia/src/models/Session.php
Parsing file:///home/kevin/laconia/src/views/login.view.php
Parsing file:///home/kevin/laconia/src/views/edit.view.php
Parsing file:///home/kevin/laconia/src/views/settings.view.php
Parsing file:///home/kevin/laconia/src/views/home.view.php
Parsing file:///home/kevin/laconia/src/views/view-users.view.php
Parsing file:///home/kevin/laconia/src/views/user-profile.view.php
Parsing file:///home/kevin/laconia/src/views/create-password.view.php
Parsing file:///home/kevin/laconia/src/views/register.view.php
Parsing file:///home/kevin/laconia/src/views/404.view.php
Parsing file:///home/kevin/laconia/src/views/index.view.php
Parsing file:///home/kevin/laconia/src/views/forgot-password.view.php
Parsing file:///home/kevin/laconia/src/views/create.view.php
Parsing file:///home/kevin/laconia/src/views/partials/page-header.php
Parsing file:///home/kevin/laconia/src/views/partials/footer.php
Parsing file:///home/kevin/laconia/src/views/partials/navigation.php
Parsing file:///home/kevin/laconia/src/views/partials/message.php
Parsing file:///home/kevin/laconia/src/views/partials/header.php
Parsing file:///home/kevin/laconia/src/controllers/ExceptionNotFoundController.php
Parsing file:///home/kevin/laconia/src/controllers/LogoutController.php
Parsing file:///home/kevin/laconia/src/controllers/SettingsController.php
Parsing file:///home/kevin/laconia/src/controllers/ResetPasswordController.php
Parsing file:///home/kevin/laconia/src/controllers/CreatePasswordController.php
Parsing file:///home/kevin/laconia/src/controllers/ViewUsersController.php
Parsing file:///home/kevin/laconia/src/controllers/LoginController.php
Parsing file:///home/kevin/laconia/src/controllers/HomeController.php
Parsing file:///home/kevin/laconia/src/controllers/UserProfileController.php
Parsing file:///home/kevin/laconia/src/controllers/RegisterController.php
Parsing file:///home/kevin/laconia/src/controllers/Controller.php
Parsing file:///home/kevin/laconia/src/controllers/EditController.php
Parsing file:///home/kevin/laconia/src/controllers/IndexController.php
Parsing file:///home/kevin/laconia/src/controllers/CreateController.php
Parsing file:///home/kevin/laconia/src/controllers/ForgotPasswordController.php
Parsing file:///home/kevin/laconia/src/app/Router.php
Parsing file:///home/kevin/laconia/src/app/routes.php
Parsing file:///home/kevin/laconia/bin/install.php
Parsing file:///home/kevin/laconia/vendor/composer/autoload_files.php
Parsing file:///home/kevin/laconia/vendor/composer/autoload_real.php
Parsing file:///home/kevin/laconia/vendor/composer/autoload_static.php
Parsing file:///home/kevin/laconia/vendor/composer/autoload_namespaces.php
Parsing file:///home/kevin/laconia/vendor/composer/ClassLoader.php
Parsing file:///home/kevin/laconia/vendor/composer/autoload_classmap.php
Parsing file:///home/kevin/laconia/vendor/composer/autoload_psr4.php
Parsing file:///home/kevin/laconia/vendor/autoload.php
Parsing file:///home/kevin/laconia/laconia/docker/credentials.php
Parsing file:///home/kevin/laconia/laconia/config/constants.php
Parsing file:///home/kevin/laconia/laconia/config/utility.php
Parsing file:///home/kevin/laconia/laconia/config/credentials.php
Parsing file:///home/kevin/laconia/laconia/config/credentials_back.php
Parsing file:///home/kevin/laconia/laconia/src/models/List.php
Parsing file:///home/kevin/laconia/laconia/src/models/Database.php
Parsing file:///home/kevin/laconia/laconia/src/models/User.php
Parsing file:///home/kevin/laconia/laconia/src/models/Comment.php
Parsing file:///home/kevin/laconia/laconia/src/models/Model.php
Parsing file:///home/kevin/laconia/laconia/src/models/Session.php
Parsing file:///home/kevin/laconia/laconia/src/views/login.view.php
Parsing file:///home/kevin/laconia/laconia/src/views/edit.view.php
Parsing file:///home/kevin/laconia/laconia/src/views/settings.view.php
Parsing file:///home/kevin/laconia/laconia/src/views/home.view.php
Parsing file:///home/kevin/laconia/laconia/src/views/view-users.view.php
Parsing file:///home/kevin/laconia/laconia/src/views/user-profile.view.php
Parsing file:///home/kevin/laconia/laconia/src/views/create-password.view.php
Parsing file:///home/kevin/laconia/laconia/src/views/register.view.php
Parsing file:///home/kevin/laconia/laconia/src/views/404.view.php
Parsing file:///home/kevin/laconia/laconia/src/views/index.view.php
Parsing file:///home/kevin/laconia/laconia/src/views/forgot-password.view.php
Parsing file:///home/kevin/laconia/laconia/src/views/create.view.php
Parsing file:///home/kevin/laconia/laconia/src/views/partials/page-header.php
Parsing file:///home/kevin/laconia/laconia/src/views/partials/footer.php
Parsing file:///home/kevin/laconia/laconia/src/views/partials/navigation.php
Parsing file:///home/kevin/laconia/laconia/src/views/partials/message.php
Parsing file:///home/kevin/laconia/laconia/src/views/partials/header.php
Parsing file:///home/kevin/laconia/laconia/src/controllers/ExceptionNotFoundController.php
Parsing file:///home/kevin/laconia/laconia/src/controllers/LogoutController.php
Parsing file:///home/kevin/laconia/laconia/src/controllers/SettingsController.php
Parsing file:///home/kevin/laconia/laconia/src/controllers/ResetPasswordController.php
Parsing file:///home/kevin/laconia/laconia/src/controllers/CreatePasswordController.php
Parsing file:///home/kevin/laconia/laconia/src/controllers/ViewUsersController.php
Parsing file:///home/kevin/laconia/laconia/src/controllers/LoginController.php
Parsing file:///home/kevin/laconia/laconia/src/controllers/HomeController.php
Parsing file:///home/kevin/laconia/laconia/src/controllers/UserProfileController.php
Parsing file:///home/kevin/laconia/laconia/src/controllers/RegisterController.php
Parsing file:///home/kevin/laconia/laconia/src/controllers/Controller.php
Parsing file:///home/kevin/laconia/laconia/src/controllers/EditController.php
Parsing file:///home/kevin/laconia/laconia/src/controllers/IndexController.php
Parsing file:///home/kevin/laconia/laconia/src/controllers/CreateController.php
Parsing file:///home/kevin/laconia/laconia/src/controllers/ForgotPasswordController.php
Parsing file:///home/kevin/laconia/laconia/src/app/Router.php
Parsing file:///home/kevin/laconia/laconia/src/app/routes.php
Parsing file:///home/kevin/laconia/laconia/bin/install.php
Parsing file:///home/kevin/laconia/laconia/public/index.php
Parsing file:///home/kevin/laconia/laconia/tests/HelloWorldTest.php
Parsing file:///home/kevin/laconia/public/index.php
Parsing file:///home/kevin/laconia/tests/HelloWorldTest.php
[Info  - 20:51:52] Indexing project for dynamic references
Parsing file:///home/kevin/laconia/docker/credentials.php
Parsing file:///home/kevin/laconia/config/constants.php
Parsing file:///home/kevin/laconia/config/utility.php
Parsing file:///home/kevin/laconia/config/credentials.php
Parsing file:///home/kevin/laconia/config/credentials_back.php
Parsing file:///home/kevin/laconia/src/models/List.php
Parsing file:///home/kevin/laconia/src/models/Database.php
Parsing file:///home/kevin/laconia/src/models/User.php
Parsing file:///home/kevin/laconia/src/models/Comment.php
Parsing file:///home/kevin/laconia/src/models/Model.php
Parsing file:///home/kevin/laconia/src/models/Session.php
Parsing file:///home/kevin/laconia/src/views/login.view.php
Parsing file:///home/kevin/laconia/src/views/edit.view.php
Parsing file:///home/kevin/laconia/src/views/settings.view.php
Parsing file:///home/kevin/laconia/src/views/home.view.php
Parsing file:///home/kevin/laconia/src/views/view-users.view.php
Parsing file:///home/kevin/laconia/src/views/user-profile.view.php
Parsing file:///home/kevin/laconia/src/views/create-password.view.php
Parsing file:///home/kevin/laconia/src/views/register.view.php
Parsing file:///home/kevin/laconia/src/views/404.view.php
Parsing file:///home/kevin/laconia/src/views/index.view.php
Parsing file:///home/kevin/laconia/src/views/forgot-password.view.php
Parsing file:///home/kevin/laconia/src/views/create.view.php
Parsing file:///home/kevin/laconia/src/views/partials/page-header.php
Parsing file:///home/kevin/laconia/src/views/partials/footer.php
Parsing file:///home/kevin/laconia/src/views/partials/navigation.php
Parsing file:///home/kevin/laconia/src/views/partials/message.php
Parsing file:///home/kevin/laconia/src/views/partials/header.php
Parsing file:///home/kevin/laconia/src/controllers/ExceptionNotFoundController.php
Parsing file:///home/kevin/laconia/src/controllers/LogoutController.php
Parsing file:///home/kevin/laconia/src/controllers/SettingsController.php
Parsing file:///home/kevin/laconia/src/controllers/ResetPasswordController.php
Parsing file:///home/kevin/laconia/src/controllers/CreatePasswordController.php
Parsing file:///home/kevin/laconia/src/controllers/ViewUsersController.php
Parsing file:///home/kevin/laconia/src/controllers/LoginController.php
Parsing file:///home/kevin/laconia/src/controllers/HomeController.php
Parsing file:///home/kevin/laconia/src/controllers/UserProfileController.php
Parsing file:///home/kevin/laconia/src/controllers/RegisterController.php
Parsing file:///home/kevin/laconia/src/controllers/Controller.php
Parsing file:///home/kevin/laconia/src/controllers/EditController.php
Parsing file:///home/kevin/laconia/src/controllers/IndexController.php
Parsing file:///home/kevin/laconia/src/controllers/CreateController.php
Parsing file:///home/kevin/laconia/src/controllers/ForgotPasswordController.php
Parsing file:///home/kevin/laconia/src/app/Router.php
Parsing file:///home/kevin/laconia/src/app/routes.php
Parsing file:///home/kevin/laconia/bin/install.php
Parsing file:///home/kevin/laconia/vendor/composer/autoload_files.php
Parsing file:///home/kevin/laconia/vendor/composer/autoload_real.php
Parsing file:///home/kevin/laconia/vendor/composer/autoload_static.php
Parsing file:///home/kevin/laconia/vendor/composer/autoload_namespaces.php
Parsing file:///home/kevin/laconia/vendor/composer/ClassLoader.php
Parsing file:///home/kevin/laconia/vendor/composer/autoload_classmap.php
Parsing file:///home/kevin/laconia/vendor/composer/autoload_psr4.php
Parsing file:///home/kevin/laconia/vendor/autoload.php
Parsing file:///home/kevin/laconia/laconia/docker/credentials.php
Parsing file:///home/kevin/laconia/laconia/config/constants.php
Parsing file:///home/kevin/laconia/laconia/config/utility.php
Parsing file:///home/kevin/laconia/laconia/config/credentials.php
Parsing file:///home/kevin/laconia/laconia/config/credentials_back.php
Parsing file:///home/kevin/laconia/laconia/src/models/List.php
Parsing file:///home/kevin/laconia/laconia/src/models/Database.php
Parsing file:///home/kevin/laconia/laconia/src/models/User.php
Parsing file:///home/kevin/laconia/laconia/src/models/Comment.php
Parsing file:///home/kevin/laconia/laconia/src/models/Model.php
Parsing file:///home/kevin/laconia/laconia/src/models/Session.php
Parsing file:///home/kevin/laconia/laconia/src/views/login.view.php
Parsing file:///home/kevin/laconia/laconia/src/views/edit.view.php
Parsing file:///home/kevin/laconia/laconia/src/views/settings.view.php
Parsing file:///home/kevin/laconia/laconia/src/views/home.view.php
Parsing file:///home/kevin/laconia/laconia/src/views/view-users.view.php
Parsing file:///home/kevin/laconia/laconia/src/views/user-profile.view.php
Parsing file:///home/kevin/laconia/laconia/src/views/create-password.view.php
Parsing file:///home/kevin/laconia/laconia/src/views/register.view.php
Parsing file:///home/kevin/laconia/laconia/src/views/404.view.php
Parsing file:///home/kevin/laconia/laconia/src/views/index.view.php
Parsing file:///home/kevin/laconia/laconia/src/views/forgot-password.view.php
Parsing file:///home/kevin/laconia/laconia/src/views/create.view.php
Parsing file:///home/kevin/laconia/laconia/src/views/partials/page-header.php
Parsing file:///home/kevin/laconia/laconia/src/views/partials/footer.php
Parsing file:///home/kevin/laconia/laconia/src/views/partials/navigation.php
Parsing file:///home/kevin/laconia/laconia/src/views/partials/message.php
Parsing file:///home/kevin/laconia/laconia/src/views/partials/header.php
Parsing file:///home/kevin/laconia/laconia/src/controllers/ExceptionNotFoundController.php
Parsing file:///home/kevin/laconia/laconia/src/controllers/LogoutController.php
Parsing file:///home/kevin/laconia/laconia/src/controllers/SettingsController.php
Parsing file:///home/kevin/laconia/laconia/src/controllers/ResetPasswordController.php
Parsing file:///home/kevin/laconia/laconia/src/controllers/CreatePasswordController.php
Parsing file:///home/kevin/laconia/laconia/src/controllers/ViewUsersController.php
Parsing file:///home/kevin/laconia/laconia/src/controllers/LoginController.php
Parsing file:///home/kevin/laconia/laconia/src/controllers/HomeController.php
Parsing file:///home/kevin/laconia/laconia/src/controllers/UserProfileController.php
Parsing file:///home/kevin/laconia/laconia/src/controllers/RegisterController.php
Parsing file:///home/kevin/laconia/laconia/src/controllers/Controller.php
Parsing file:///home/kevin/laconia/laconia/src/controllers/EditController.php
Parsing file:///home/kevin/laconia/laconia/src/controllers/IndexController.php
Parsing file:///home/kevin/laconia/laconia/src/controllers/CreateController.php
Parsing file:///home/kevin/laconia/laconia/src/controllers/ForgotPasswordController.php
Parsing file:///home/kevin/laconia/laconia/src/app/Router.php
Parsing file:///home/kevin/laconia/laconia/src/app/routes.php
Parsing file:///home/kevin/laconia/laconia/bin/install.php
Parsing file:///home/kevin/laconia/laconia/public/index.php
Parsing file:///home/kevin/laconia/laconia/tests/HelloWorldTest.php
Parsing file:///home/kevin/laconia/public/index.php
Parsing file:///home/kevin/laconia/tests/HelloWorldTest.php
[Info  - 20:51:52] 0 Packages
[Info  - 20:51:52] All 104 PHP files parsed in 0 seconds. 148 MiB allocated.
